[2025-06-11T09:03:08+08:00][error] {"file":"\/www\/wwwroot\/api.djku.cn\/crmeb\/basic\/BaseAuth.php","line":216,"message":"\u60a8\u7684\u6388\u6743\u57df\u540d\u548c\u8bbf\u95ee\u57df\u540d\u4e0d\u4e00\u81f4!"}
[2025-06-11T09:03:08+08:00][error] {"file":"\/www\/wwwroot\/api.djku.cn\/crmeb\/basic\/BaseAuth.php","line":216,"message":"\u60a8\u7684\u6388\u6743\u57df\u540d\u548c\u8bbf\u95ee\u57df\u540d\u4e0d\u4e00\u81f4!"}
[2025-06-11T09:03:09+08:00][error] {"file":"\/www\/wwwroot\/api.djku.cn\/crmeb\/basic\/BaseAuth.php","line":216,"message":"\u60a8\u7684\u6388\u6743\u57df\u540d\u548c\u8bbf\u95ee\u57df\u540d\u4e0d\u4e00\u81f4!"}
[2025-06-11T09:03:09+08:00][error] {"file":"\/www\/wwwroot\/api.djku.cn\/crmeb\/basic\/BaseAuth.php","line":216,"message":"\u60a8\u7684\u6388\u6743\u57df\u540d\u548c\u8bbf\u95ee\u57df\u540d\u4e0d\u4e00\u81f4!"}
[2025-06-11T09:03:09+08:00][error] {"file":"\/www\/wwwroot\/api.djku.cn\/crmeb\/basic\/BaseAuth.php","line":216,"message":"\u60a8\u7684\u6388\u6743\u57df\u540d\u548c\u8bbf\u95ee\u57df\u540d\u4e0d\u4e00\u81f4!"}
[2025-06-11T09:03:16+08:00][error] {"file":"\/www\/wwwroot\/api.djku.cn\/crmeb\/basic\/BaseAuth.php","line":216,"message":"\u60a8\u7684\u6388\u6743\u57df\u540d\u548c\u8bbf\u95ee\u57df\u540d\u4e0d\u4e00\u81f4!"}
[2025-06-11T09:03:16+08:00][error] {"file":"\/www\/wwwroot\/api.djku.cn\/crmeb\/basic\/BaseAuth.php","line":216,"message":"\u60a8\u7684\u6388\u6743\u57df\u540d\u548c\u8bbf\u95ee\u57df\u540d\u4e0d\u4e00\u81f4!"}
[2025-06-11T09:03:17+08:00][error] {"file":"\/www\/wwwroot\/api.djku.cn\/crmeb\/basic\/BaseAuth.php","line":216,"message":"\u60a8\u7684\u6388\u6743\u57df\u540d\u548c\u8bbf\u95ee\u57df\u540d\u4e0d\u4e00\u81f4!"}
[2025-06-11T09:03:17+08:00][error] {"file":"\/www\/wwwroot\/api.djku.cn\/crmeb\/basic\/BaseAuth.php","line":216,"message":"\u60a8\u7684\u6388\u6743\u57df\u540d\u548c\u8bbf\u95ee\u57df\u540d\u4e0d\u4e00\u81f4!"}
[2025-06-11T09:03:17+08:00][error] {"file":"\/www\/wwwroot\/api.djku.cn\/crmeb\/basic\/BaseAuth.php","line":216,"message":"\u60a8\u7684\u6388\u6743\u57df\u540d\u548c\u8bbf\u95ee\u57df\u540d\u4e0d\u4e00\u81f4!"}
[2025-06-11T09:03:19+08:00][error] {"file":"\/www\/wwwroot\/api.djku.cn\/crmeb\/basic\/BaseAuth.php","line":216,"message":"\u60a8\u7684\u6388\u6743\u57df\u540d\u548c\u8bbf\u95ee\u57df\u540d\u4e0d\u4e00\u81f4!"}
[2025-06-11T09:03:19+08:00][error] {"file":"\/www\/wwwroot\/api.djku.cn\/crmeb\/basic\/BaseAuth.php","line":216,"message":"\u60a8\u7684\u6388\u6743\u57df\u540d\u548c\u8bbf\u95ee\u57df\u540d\u4e0d\u4e00\u81f4!"}
[2025-06-11T09:03:19+08:00][error] {"file":"\/www\/wwwroot\/api.djku.cn\/crmeb\/basic\/BaseAuth.php","line":216,"message":"\u60a8\u7684\u6388\u6743\u57df\u540d\u548c\u8bbf\u95ee\u57df\u540d\u4e0d\u4e00\u81f4!"}
[2025-06-11T09:03:19+08:00][error] {"file":"\/www\/wwwroot\/api.djku.cn\/crmeb\/basic\/BaseAuth.php","line":216,"message":"\u60a8\u7684\u6388\u6743\u57df\u540d\u548c\u8bbf\u95ee\u57df\u540d\u4e0d\u4e00\u81f4!"}
[2025-06-11T09:03:19+08:00][error] {"file":"\/www\/wwwroot\/api.djku.cn\/crmeb\/basic\/BaseAuth.php","line":216,"message":"\u60a8\u7684\u6388\u6743\u57df\u540d\u548c\u8bbf\u95ee\u57df\u540d\u4e0d\u4e00\u81f4!"}
[2025-06-11T09:03:19+08:00][error] {"file":"\/www\/wwwroot\/api.djku.cn\/crmeb\/basic\/BaseAuth.php","line":216,"message":"\u60a8\u7684\u6388\u6743\u57df\u540d\u548c\u8bbf\u95ee\u57df\u540d\u4e0d\u4e00\u81f4!"}
[2025-06-11T09:03:20+08:00][error] {"file":"\/www\/wwwroot\/api.djku.cn\/crmeb\/basic\/BaseAuth.php","line":216,"message":"\u60a8\u7684\u6388\u6743\u57df\u540d\u548c\u8bbf\u95ee\u57df\u540d\u4e0d\u4e00\u81f4!"}
[2025-06-11T09:03:20+08:00][error] {"file":"\/www\/wwwroot\/api.djku.cn\/crmeb\/basic\/BaseAuth.php","line":216,"message":"\u60a8\u7684\u6388\u6743\u57df\u540d\u548c\u8bbf\u95ee\u57df\u540d\u4e0d\u4e00\u81f4!"}
[2025-06-11T09:03:20+08:00][error] {"file":"\/www\/wwwroot\/api.djku.cn\/crmeb\/basic\/BaseAuth.php","line":216,"message":"\u60a8\u7684\u6388\u6743\u57df\u540d\u548c\u8bbf\u95ee\u57df\u540d\u4e0d\u4e00\u81f4!"}
[2025-06-11T09:03:20+08:00][error] {"file":"\/www\/wwwroot\/api.djku.cn\/crmeb\/basic\/BaseAuth.php","line":216,"message":"\u60a8\u7684\u6388\u6743\u57df\u540d\u548c\u8bbf\u95ee\u57df\u540d\u4e0d\u4e00\u81f4!"}
[2025-06-11T10:49:49+08:00][error] 0||178.128.207.138|3|GET||/install/.env/.DS_Store|{"env":".DS_Store"}|{"file":"/www/wwwroot/api.djku.cn/vendor/topthink/think-view/src/Think.php","line":128,"message":"template not exists:/www/wwwroot/api.djku.cn/public/www/wwwroot/api.djku.cn/public/install.html","code":0}
[2025-06-11T10:49:49+08:00][error] 0||178.128.207.138|1|GET||/install/css/.DS_Store|{"css":".DS_Store"}|{"file":"/www/wwwroot/api.djku.cn/vendor/topthink/think-view/src/Think.php","line":128,"message":"template not exists:/www/wwwroot/api.djku.cn/public/www/wwwroot/api.djku.cn/public/install.html","code":0}
[2025-06-11T10:49:50+08:00][error] 0||178.128.207.138|2|GET||/install/images/.DS_Store|{"images":".DS_Store"}|{"file":"/www/wwwroot/api.djku.cn/vendor/topthink/think-view/src/Think.php","line":128,"message":"template not exists:/www/wwwroot/api.djku.cn/public/www/wwwroot/api.djku.cn/public/install.html","code":0}
[2025-06-11T10:49:50+08:00][error] 0||178.128.207.138|2|GET||/install/js/.DS_Store|{"js":".DS_Store"}|{"file":"/www/wwwroot/api.djku.cn/vendor/topthink/think-view/src/Think.php","line":128,"message":"template not exists:/www/wwwroot/api.djku.cn/public/www/wwwroot/api.djku.cn/public/install.html","code":0}
[2025-06-11T10:49:51+08:00][error] 0||178.128.207.138|2|GET||/install/view/.DS_Store|{"view":".DS_Store"}|{"file":"/www/wwwroot/api.djku.cn/vendor/topthink/think-view/src/Think.php","line":128,"message":"template not exists:/www/wwwroot/api.djku.cn/public/www/wwwroot/api.djku.cn/public/install.html","code":0}
[2025-06-11T23:13:13+08:00][error] {"file":"\/www\/wwwroot\/api.djku.cn\/crmeb\/basic\/BaseAuth.php","line":216,"message":"\u60a8\u7684\u6388\u6743\u57df\u540d\u548c\u8bbf\u95ee\u57df\u540d\u4e0d\u4e00\u81f4!"}
[2025-06-11T23:13:13+08:00][error] {"file":"\/www\/wwwroot\/api.djku.cn\/crmeb\/basic\/BaseAuth.php","line":216,"message":"\u60a8\u7684\u6388\u6743\u57df\u540d\u548c\u8bbf\u95ee\u57df\u540d\u4e0d\u4e00\u81f4!"}
[2025-06-11T23:13:14+08:00][error] {"file":"\/www\/wwwroot\/api.djku.cn\/crmeb\/basic\/BaseAuth.php","line":216,"message":"\u60a8\u7684\u6388\u6743\u57df\u540d\u548c\u8bbf\u95ee\u57df\u540d\u4e0d\u4e00\u81f4!"}
[2025-06-11T23:13:15+08:00][error] {"file":"\/www\/wwwroot\/api.djku.cn\/crmeb\/basic\/BaseAuth.php","line":216,"message":"\u60a8\u7684\u6388\u6743\u57df\u540d\u548c\u8bbf\u95ee\u57df\u540d\u4e0d\u4e00\u81f4!"}
[2025-06-11T23:13:15+08:00][error] {"file":"\/www\/wwwroot\/api.djku.cn\/crmeb\/basic\/BaseAuth.php","line":216,"message":"\u60a8\u7684\u6388\u6743\u57df\u540d\u548c\u8bbf\u95ee\u57df\u540d\u4e0d\u4e00\u81f4!"}
[2025-06-11T23:13:18+08:00][error] {"file":"\/www\/wwwroot\/api.djku.cn\/crmeb\/basic\/BaseAuth.php","line":216,"message":"\u60a8\u7684\u6388\u6743\u57df\u540d\u548c\u8bbf\u95ee\u57df\u540d\u4e0d\u4e00\u81f4!"}
